<?xml version="1.0" encoding="UTF-8"?>
<!-- Generated by org.testng.reporters.JUnitReportReporter -->
<testsuite hostname="LAPTOP-8VN8D2U4" failures="0" tests="4" name="testlayer.LoginTest" time="229.234" errors="0" timestamp="2022-04-17T12:37:00 EDT" skipped="0">
  <testcase classname="testlayer.LoginTest" name="Title" time="30.476"/>
  <system-out/>
  <testcase classname="testlayer.LoginTest" name="login" time="15.121"/>
  <system-out/>
  <testcase classname="testlayer.LoginTest" name="login" time="170.589"/>
  <system-out/>
  <testcase classname="testlayer.LoginTest" name="login" time="13.048"/>
  <system-out/>
</testsuite> <!-- testlayer.LoginTest -->
